0 info it worked if it ends with ok
1 verbose cli [ 'C:\\Program Files\\nodejs\\node.exe',
1 verbose cli   'C:\\Program Files\\nodejs\\node_modules\\npm\\bin\\npm-cli.js',
1 verbose cli   'run',
1 verbose cli   'deploy' ]
2 info using npm@3.10.10
3 info using node@v6.11.2
4 verbose run-script [ 'predeploy', 'deploy', 'postdeploy' ]
5 info lifecycle pshsh88_web@0.0.1~predeploy: pshsh88_web@0.0.1
6 verbose lifecycle pshsh88_web@0.0.1~predeploy: unsafe-perm in lifecycle true
7 verbose lifecycle pshsh88_web@0.0.1~predeploy: PATH: C:\Program Files\nodejs\node_modules\npm\bin\node-gyp-bin;C:\Users\pshsh\Desktop\Develop\pshsh88_web\node_modules\.bin;C:\Program Files\ConEmu\ConEmu\Scripts;C:\Program Files\ConEmu;C:\Program Files\ConEmu\ConEmu;C:\ProgramData\Oracle\Java\javapath;C:\Program Files (x86)\Intel\iCLS Client\;C:\Program Files\Intel\iCLS Client\;C:\WINDOWS\system32;C:\WINDOWS;C:\WINDOWS\System32\Wbem;C:\WINDOWS\System32\WindowsPowerShell\v1.0\;C:\Program Files\Intel\WiFi\bin\;C:\Program Files\Common Files\Intel\WirelessCommon\;C:\Program Files (x86)\Intel\Intel(R) Management Engine Components\DAL;C:\Program Files\Intel\Intel(R) Management Engine Components\DAL;C:\Program Files (x86)\Intel\Intel(R) Management Engine Components\IPT;C:\Program Files\Intel\Intel(R) Management Engine Components\IPT;C:\Program Files\nodejs\;C:\Program Files (x86)\Brackets\command;C:\Program Files\Git\cmd;C:\Users\pshsh\AppData\Local\Microsoft\WindowsApps;C:\Program Files\Intel\WiFi\bin\;C:\Program Files\Common Files\Intel\WirelessCommon\;C:\Users\pshsh\AppData\Roaming\npm;
8 verbose lifecycle pshsh88_web@0.0.1~predeploy: CWD: C:\Users\pshsh\Desktop\Develop\pshsh88_web
9 silly lifecycle pshsh88_web@0.0.1~predeploy: Args: [ '/d /s /c', 'npm run build' ]
10 silly lifecycle pshsh88_web@0.0.1~predeploy: Returned: code: 0  signal: null
11 info lifecycle pshsh88_web@0.0.1~deploy: pshsh88_web@0.0.1
12 verbose lifecycle pshsh88_web@0.0.1~deploy: unsafe-perm in lifecycle true
13 verbose lifecycle pshsh88_web@0.0.1~deploy: PATH: C:\Program Files\nodejs\node_modules\npm\bin\node-gyp-bin;C:\Users\pshsh\Desktop\Develop\pshsh88_web\node_modules\.bin;C:\Program Files\ConEmu\ConEmu\Scripts;C:\Program Files\ConEmu;C:\Program Files\ConEmu\ConEmu;C:\ProgramData\Oracle\Java\javapath;C:\Program Files (x86)\Intel\iCLS Client\;C:\Program Files\Intel\iCLS Client\;C:\WINDOWS\system32;C:\WINDOWS;C:\WINDOWS\System32\Wbem;C:\WINDOWS\System32\WindowsPowerShell\v1.0\;C:\Program Files\Intel\WiFi\bin\;C:\Program Files\Common Files\Intel\WirelessCommon\;C:\Program Files (x86)\Intel\Intel(R) Management Engine Components\DAL;C:\Program Files\Intel\Intel(R) Management Engine Components\DAL;C:\Program Files (x86)\Intel\Intel(R) Management Engine Components\IPT;C:\Program Files\Intel\Intel(R) Management Engine Components\IPT;C:\Program Files\nodejs\;C:\Program Files (x86)\Brackets\command;C:\Program Files\Git\cmd;C:\Users\pshsh\AppData\Local\Microsoft\WindowsApps;C:\Program Files\Intel\WiFi\bin\;C:\Program Files\Common Files\Intel\WirelessCommon\;C:\Users\pshsh\AppData\Roaming\npm;
14 verbose lifecycle pshsh88_web@0.0.1~deploy: CWD: C:\Users\pshsh\Desktop\Develop\pshsh88_web
15 silly lifecycle pshsh88_web@0.0.1~deploy: Args: [ '/d /s /c', 'gh-pages -d page' ]
16 silly lifecycle pshsh88_web@0.0.1~deploy: Returned: code: 1  signal: null
17 info lifecycle pshsh88_web@0.0.1~deploy: Failed to exec deploy script
18 verbose stack Error: pshsh88_web@0.0.1 deploy: `gh-pages -d page`
18 verbose stack Exit status 1
18 verbose stack     at EventEmitter.<anonymous> (C:\Program Files\nodejs\node_modules\npm\lib\utils\lifecycle.js:255:16)
18 verbose stack     at emitTwo (events.js:106:13)
18 verbose stack     at EventEmitter.emit (events.js:191:7)
18 verbose stack     at ChildProcess.<anonymous> (C:\Program Files\nodejs\node_modules\npm\lib\utils\spawn.js:40:14)
18 verbose stack     at emitTwo (events.js:106:13)
18 verbose stack     at ChildProcess.emit (events.js:191:7)
18 verbose stack     at maybeClose (internal/child_process.js:891:16)
18 verbose stack     at Process.ChildProcess._handle.onexit (internal/child_process.js:226:5)
19 verbose pkgid pshsh88_web@0.0.1
20 verbose cwd C:\Users\pshsh\Desktop\Develop\pshsh88_web
21 error Windows_NT 10.0.16299
22 error argv "C:\\Program Files\\nodejs\\node.exe" "C:\\Program Files\\nodejs\\node_modules\\npm\\bin\\npm-cli.js" "run" "deploy"
23 error node v6.11.2
24 error npm  v3.10.10
25 error code ELIFECYCLE
26 error pshsh88_web@0.0.1 deploy: `gh-pages -d page`
26 error Exit status 1
27 error Failed at the pshsh88_web@0.0.1 deploy script 'gh-pages -d page'.
27 error Make sure you have the latest version of node.js and npm installed.
27 error If you do, this is most likely a problem with the pshsh88_web package,
27 error not with npm itself.
27 error Tell the author that this fails on your system:
27 error     gh-pages -d page
27 error You can get information on how to open an issue for this project with:
27 error     npm bugs pshsh88_web
27 error Or if that isn't available, you can get their info via:
27 error     npm owner ls pshsh88_web
27 error There is likely additional logging output above.
28 verbose exit [ 1, true ]
